"C:\Program Files\JetBrains\CLion 2018.2.5\bin\cmake\win\bin\cmake.exe" -DCMAKE_BUILD_TYPE=Debug -G "CodeBlocks - MinGW Makefiles" C:\Users\我的电脑\Documents\study\ClionProject
-- The C compiler identification is GNU 7.2.0
-- The CXX compiler identification is GNU 7.2.0
-- Check for working C compiler: C:/x86_64-7.2.0-posix-seh-rt_v5-rev1/mingw64/bin/gcc.exe
-- Check for working C compiler: C:/x86_64-7.2.0-posix-seh-rt_v5-rev1/mingw64/bin/gcc.exe -- broken
CMake Error at C:/Program Files/JetBrains/CLion 2018.2.5/bin/cmake/win/share/cmake-3.12/Modules/CMakeTestCCompiler.cmake:52 (message):
  The C compiler

    "C:/x86_64-7.2.0-posix-seh-rt_v5-rev1/mingw64/bin/gcc.exe"

  is not able to compile a simple test program.

  It fails with the following output:

    Change Dir: C:/Users/鎴戠殑鐢佃剳/Documents/study/ClionProject/cmake-build-debug/CMakeFiles/CMakeTmp
    
    Run Build Command:"C:/x86_64-7.2.0-posix-seh-rt_v5-rev1/mingw64/bin/mingw32-make.exe" "cmTC_eb267/fast"
    C:/x86_64-7.2.0-posix-seh-rt_v5-rev1/mingw64/bin/mingw32-make.exe -f CMakeFiles\cmTC_eb267.dir\build.make CMakeFiles/cmTC_eb267.dir/build
    mingw32-make.exe[1]: Entering directory 'C:/Users/鎴戠殑鐢佃剳/Documents/study/ClionProject/cmake-build-debug/CMakeFiles/CMakeTmp'
    Building C object CMakeFiles/cmTC_eb267.dir/testCCompiler.c.obj
    C:\x86_64-7.2.0-posix-seh-rt_v5-rev1\mingw64\bin\gcc.exe    -o CMakeFiles\cmTC_eb267.dir\testCCompiler.c.obj   -c C:\Users\閹存垹娈戦悽浣冨壋\Documents\study\ClionProject\cmake-build-debug\CMakeFiles\CMakeTmp\testCCompiler.c
    gcc.exe: error: C:\Users\閹存垹娈戦悽浣冨壋\Documents\study\ClionProject\cmake-build-debug\CMakeFiles\CMakeTmp\testCCompiler.c: No such file or directory
    gcc.exe: fatal error: no input files
    compilation terminated.
    mingw32-make.exe[1]: *** [CMakeFiles\cmTC_eb267.dir\build.make:65: CMakeFiles/cmTC_eb267.dir/testCCompiler.c.obj] Error 1
    mingw32-make.exe[1]: Leaving directory 'C:/Users/鎴戠殑鐢佃剳/Documents/study/ClionProject/cmake-build-debug/CMakeFiles/CMakeTmp'
    mingw32-make.exe: *** [Makefile:120: cmTC_eb267/fast] Error 2
    

  

  CMake will not be able to correctly generate this project.
Call Stack (most recent call first):
  CMakeLists.txt:2 (project)


-- Configuring incomplete, errors occurred!
See also "C:/Users/鎴戠殑鐢佃剳/Documents/study/ClionProject/cmake-build-debug/CMakeFiles/CMakeOutput.log".
See also "C:/Users/鎴戠殑鐢佃剳/Documents/study/ClionProject/cmake-build-debug/CMakeFiles/CMakeError.log".
